<?xml version="1.0" encoding="UTF-8"?>
<response>
<statusCode>200</statusCode>
<statusText>Ok</statusText>
<data>
<testId>120816_V2_2</testId>
<summary>http://localhost/results.php?test=120816_V2_2</summary>
<testUrl>http://twitter.com</testUrl>
<location>Local_Firefox_Chrome</location>
<connectivity>DSL</connectivity>
<bwDown>1500</bwDown>
<bwUp>384</bwUp>
<latency>50</latency>
<plr>0</plr>
<completed>Thu, 16 Aug 2012 18:28:52 +0000</completed>
<runs>3</runs>
<average>
<firstView>
<loadTime>12285</loadTime>
<TTFB>1843</TTFB>
<bytesIn>0</bytesIn>
<bytesInDoc>0</bytesInDoc>
<requests>36</requests>
<requestsDoc>22</requestsDoc>
<render>211</render>
<fullyLoaded>13259</fullyLoaded>
<docTime>12285</docTime>
<domTime>0</domTime>
<titleTime>6230</titleTime>
<avgRun>3</avgRun>
</firstView>
</average>
<median>
<firstView>
<run>3</run>
<URL></URL>
<loadTime>12182</loadTime>
<TTFB>2203</TTFB>
<bytesOut>0</bytesOut>
<bytesOutDoc>0</bytesOutDoc>
<bytesIn>0</bytesIn>
<bytesInDoc>0</bytesInDoc>
<connections>0</connections>
<requests>35</requests>
<requestsDoc>15</requestsDoc>
<responses_200>0</responses_200>
<responses_404>0</responses_404>
<responses_other>0</responses_other>
<result>0</result>
<render>145</render>
<fullyLoaded>13610</fullyLoaded>
<cached>0</cached>
<docTime>12182</docTime>
<domTime>0</domTime>
<score_cache>84</score_cache>
<score_cdn>95</score_cdn>
<score_gzip>100</score_gzip>
<score_cookies>-1</score_cookies>
<score_keep-alive>100</score_keep-alive>
<score_minify>-1</score_minify>
<score_combine>100</score_combine>
<score_compress>-1</score_compress>
<score_etags>-1</score_etags>
<gzip_total>20188</gzip_total>
<gzip_savings>0</gzip_savings>
<minify_total>0</minify_total>
<minify_savings>0</minify_savings>
<image_total>0</image_total>
<image_savings>0</image_savings>
<optimization_checked>1</optimization_checked>
<aft>0</aft>
<domElements>0</domElements>
<pageSpeedVersion>1.9</pageSpeedVersion>
<title>Twitter / In&amp;iacute;cio</title>
<titleTime>6362</titleTime>
<loadEventStart>12013</loadEventStart>
<loadEventEnd>12013</loadEventEnd>
<domContentLoadedEventStart>3104</domContentLoadedEventStart>
<domContentLoadedEventEnd>3104</domContentLoadedEventEnd>
<visualComplete>0</visualComplete>
<browser_name>Google Chrome</browser_name>
<browser_version>21.0.1180.79</browser_version>
<date>1345141714</date>
<PageSpeedData>http://localhost//getgzip.php?test=120816_V2_2&amp;file=3_pagespeed.txt</PageSpeedData>
</firstView>
</median>
<run>
<id>1</id>
<firstView>
<results>
<URL></URL>
<loadTime>13701</loadTime>
<TTFB>2341</TTFB>
<bytesOut>0</bytesOut>
<bytesOutDoc>0</bytesOutDoc>
<bytesIn>0</bytesIn>
<bytesInDoc>0</bytesInDoc>
<connections>0</connections>
<requests>37</requests>
<requestsDoc>37</requestsDoc>
<responses_200>0</responses_200>
<responses_404>0</responses_404>
<responses_other>0</responses_other>
<result>0</result>
<render>74</render>
<fullyLoaded>13701</fullyLoaded>
<cached>0</cached>
<docTime>13701</docTime>
<domTime>0</domTime>
<score_cache>85</score_cache>
<score_cdn>95</score_cdn>
<score_gzip>100</score_gzip>
<score_cookies>-1</score_cookies>
<score_keep-alive>100</score_keep-alive>
<score_minify>-1</score_minify>
<score_combine>100</score_combine>
<score_compress>-1</score_compress>
<score_etags>-1</score_etags>
<gzip_total>20172</gzip_total>
<gzip_savings>0</gzip_savings>
<minify_total>0</minify_total>
<minify_savings>0</minify_savings>
<image_total>0</image_total>
<image_savings>0</image_savings>
<optimization_checked>1</optimization_checked>
<aft>0</aft>
<domElements>0</domElements>
<pageSpeedVersion>1.9</pageSpeedVersion>
<title>Twitter / In&amp;iacute;cio</title>
<titleTime>6604</titleTime>
<loadEventStart>13678</loadEventStart>
<loadEventEnd>13678</loadEventEnd>
<domContentLoadedEventStart>3266</domContentLoadedEventStart>
<domContentLoadedEventEnd>3266</domContentLoadedEventEnd>
<visualComplete>0</visualComplete>
<browser_name>Google Chrome</browser_name>
<browser_version>21.0.1180.79</browser_version>
<date>1345141649</date>
</results>
<pages>
<details>http://localhost/details.php?test=120816_V2_2&amp;run=1</details>
<checklist>http://localhost/performance_optimization.php?test=120816_V2_2&amp;run=1</checklist>
<breakdown>http://localhost/breakdown.php?test=120816_V2_2&amp;run=1</breakdown>
<domains>http://localhost/domains.php?test=120816_V2_2&amp;run=1</domains>
<screenShot>http://localhost/screen_shot.php?test=120816_V2_2&amp;run=1</screenShot>
</pages>
<thumbnails>
<waterfall>http://localhost/result/120816_V2_2/1_waterfall_thumb.png</waterfall>
<checklist>http://localhost/result/120816_V2_2/1_optimization_thumb.png</checklist>
<screenShot>http://localhost/result/120816_V2_2/1_screen_thumb.jpg</screenShot>
</thumbnails>
<images>
<waterfall>http://localhost/results/12/08/16/V2/2/1_waterfall.png</waterfall>
<connectionView>http://localhost/results/12/08/16/V2/2/1_connection.png</connectionView>
<checklist>http://localhost/results/12/08/16/V2/2/1_optimization.png</checklist>
<screenShot>http://localhost/results/12/08/16/V2/2/1_screen.jpg</screenShot>
</images>
<rawData><headers>http://localhost/results/12/08/16/V2/2/1_report.txt</headers>
<pageData>http://localhost/results/12/08/16/V2/2/1_IEWPG.txt</pageData>
<requestsData>http://localhost/results/12/08/16/V2/2/1_IEWTR.txt</requestsData>
<utilization>http://localhost/results/12/08/16/V2/2/1_progress.csv</utilization>
<PageSpeedData>http://localhost/result/120816_V2_2/1_pagespeed.txt</PageSpeedData>
</rawData>
</firstView>
</run>
<run>
<id>2</id>
<firstView>
<results>
<URL></URL>
<loadTime>10972</loadTime>
<TTFB>986</TTFB>
<bytesOut>0</bytesOut>
<bytesOutDoc>0</bytesOutDoc>
<bytesIn>0</bytesIn>
<bytesInDoc>0</bytesInDoc>
<connections>0</connections>
<requests>35</requests>
<requestsDoc>15</requestsDoc>
<responses_200>0</responses_200>
<responses_404>0</responses_404>
<responses_other>0</responses_other>
<result>0</result>
<render>415</render>
<fullyLoaded>12465</fullyLoaded>
<cached>0</cached>
<docTime>10972</docTime>
<domTime>0</domTime>
<score_cache>84</score_cache>
<score_cdn>95</score_cdn>
<score_gzip>100</score_gzip>
<score_cookies>-1</score_cookies>
<score_keep-alive>100</score_keep-alive>
<score_minify>-1</score_minify>
<score_combine>100</score_combine>
<score_compress>-1</score_compress>
<score_etags>-1</score_etags>
<gzip_total>20153</gzip_total>
<gzip_savings>0</gzip_savings>
<minify_total>0</minify_total>
<minify_savings>0</minify_savings>
<image_total>0</image_total>
<image_savings>0</image_savings>
<optimization_checked>1</optimization_checked>
<aft>0</aft>
<domElements>0</domElements>
<pageSpeedVersion>1.9</pageSpeedVersion>
<title>Twitter / In&amp;iacute;cio</title>
<titleTime>5724</titleTime>
<loadEventStart>10948</loadEventStart>
<loadEventEnd>10949</loadEventEnd>
<domContentLoadedEventStart>1867</domContentLoadedEventStart>
<domContentLoadedEventEnd>1867</domContentLoadedEventEnd>
<visualComplete>0</visualComplete>
<browser_name>Google Chrome</browser_name>
<browser_version>21.0.1180.79</browser_version>
<date>1345141683</date>
</results>
<pages>
<details>http://localhost/details.php?test=120816_V2_2&amp;run=2</details>
<checklist>http://localhost/performance_optimization.php?test=120816_V2_2&amp;run=2</checklist>
<breakdown>http://localhost/breakdown.php?test=120816_V2_2&amp;run=2</breakdown>
<domains>http://localhost/domains.php?test=120816_V2_2&amp;run=2</domains>
<screenShot>http://localhost/screen_shot.php?test=120816_V2_2&amp;run=2</screenShot>
</pages>
<thumbnails>
<waterfall>http://localhost/result/120816_V2_2/2_waterfall_thumb.png</waterfall>
<checklist>http://localhost/result/120816_V2_2/2_optimization_thumb.png</checklist>
<screenShot>http://localhost/result/120816_V2_2/2_screen_thumb.jpg</screenShot>
</thumbnails>
<images>
<waterfall>http://localhost/results/12/08/16/V2/2/2_waterfall.png</waterfall>
<connectionView>http://localhost/results/12/08/16/V2/2/2_connection.png</connectionView>
<checklist>http://localhost/results/12/08/16/V2/2/2_optimization.png</checklist>
<screenShot>http://localhost/results/12/08/16/V2/2/2_screen.jpg</screenShot>
</images>
<rawData><headers>http://localhost/results/12/08/16/V2/2/2_report.txt</headers>
<pageData>http://localhost/results/12/08/16/V2/2/2_IEWPG.txt</pageData>
<requestsData>http://localhost/results/12/08/16/V2/2/2_IEWTR.txt</requestsData>
<utilization>http://localhost/results/12/08/16/V2/2/2_progress.csv</utilization>
<PageSpeedData>http://localhost/result/120816_V2_2/2_pagespeed.txt</PageSpeedData>
</rawData>
</firstView>
</run>
<run>
<id>3</id>
<firstView>
<results>
<URL></URL>
<loadTime>12182</loadTime>
<TTFB>2203</TTFB>
<bytesOut>0</bytesOut>
<bytesOutDoc>0</bytesOutDoc>
<bytesIn>0</bytesIn>
<bytesInDoc>0</bytesInDoc>
<connections>0</connections>
<requests>35</requests>
<requestsDoc>15</requestsDoc>
<responses_200>0</responses_200>
<responses_404>0</responses_404>
<responses_other>0</responses_other>
<result>0</result>
<render>145</render>
<fullyLoaded>13610</fullyLoaded>
<cached>0</cached>
<docTime>12182</docTime>
<domTime>0</domTime>
<score_cache>84</score_cache>
<score_cdn>95</score_cdn>
<score_gzip>100</score_gzip>
<score_cookies>-1</score_cookies>
<score_keep-alive>100</score_keep-alive>
<score_minify>-1</score_minify>
<score_combine>100</score_combine>
<score_compress>-1</score_compress>
<score_etags>-1</score_etags>
<gzip_total>20188</gzip_total>
<gzip_savings>0</gzip_savings>
<minify_total>0</minify_total>
<minify_savings>0</minify_savings>
<image_total>0</image_total>
<image_savings>0</image_savings>
<optimization_checked>1</optimization_checked>
<aft>0</aft>
<domElements>0</domElements>
<pageSpeedVersion>1.9</pageSpeedVersion>
<title>Twitter / In&amp;iacute;cio</title>
<titleTime>6362</titleTime>
<loadEventStart>12013</loadEventStart>
<loadEventEnd>12013</loadEventEnd>
<domContentLoadedEventStart>3104</domContentLoadedEventStart>
<domContentLoadedEventEnd>3104</domContentLoadedEventEnd>
<visualComplete>0</visualComplete>
<browser_name>Google Chrome</browser_name>
<browser_version>21.0.1180.79</browser_version>
<date>1345141714</date>
</results>
<pages>
<details>http://localhost/details.php?test=120816_V2_2&amp;run=3</details>
<checklist>http://localhost/performance_optimization.php?test=120816_V2_2&amp;run=3</checklist>
<breakdown>http://localhost/breakdown.php?test=120816_V2_2&amp;run=3</breakdown>
<domains>http://localhost/domains.php?test=120816_V2_2&amp;run=3</domains>
<screenShot>http://localhost/screen_shot.php?test=120816_V2_2&amp;run=3</screenShot>
</pages>
<thumbnails>
<waterfall>http://localhost/result/120816_V2_2/3_waterfall_thumb.png</waterfall>
<checklist>http://localhost/result/120816_V2_2/3_optimization_thumb.png</checklist>
<screenShot>http://localhost/result/120816_V2_2/3_screen_thumb.jpg</screenShot>
</thumbnails>
<images>
<waterfall>http://localhost/results/12/08/16/V2/2/3_waterfall.png</waterfall>
<connectionView>http://localhost/results/12/08/16/V2/2/3_connection.png</connectionView>
<checklist>http://localhost/results/12/08/16/V2/2/3_optimization.png</checklist>
<screenShot>http://localhost/results/12/08/16/V2/2/3_screen.jpg</screenShot>
</images>
<rawData><headers>http://localhost/results/12/08/16/V2/2/3_report.txt</headers>
<pageData>http://localhost/results/12/08/16/V2/2/3_IEWPG.txt</pageData>
<requestsData>http://localhost/results/12/08/16/V2/2/3_IEWTR.txt</requestsData>
<utilization>http://localhost/results/12/08/16/V2/2/3_progress.csv</utilization>
<PageSpeedData>http://localhost/result/120816_V2_2/3_pagespeed.txt</PageSpeedData>
</rawData>
</firstView>
</run>
</data>
</response>
